[ 2015-06-03T13:15:51+08:00 ] 127.0.0.1 /teacher_finalshop/www.35.com/index.php/admin/login/login
INFO: [ app_init ] --START--
INFO: Run Behavior\BuildLiteBehavior [ RunTime:0.000040s ]
INFO: [ app_init ] --END-- [ RunTime:0.001735s ]
INFO: [ app_begin ] --START--
INFO: Run Behavior\ReadHtmlCacheBehavior [ RunTime:0.008042s ]
INFO: [ app_begin ] --END-- [ RunTime:0.008244s ]
INFO: [ view_parse ] --START--
INFO: [ template_filter ] --START--
INFO: Run Behavior\ContentReplaceBehavior [ RunTime:0.000178s ]
INFO: [ template_filter ] --END-- [ RunTime:0.000341s ]
INFO: Run Behavior\ParseTemplateBehavior [ RunTime:0.035646s ]
INFO: [ view_parse ] --END-- [ RunTime:0.035834s ]
INFO: [ view_filter ] --START--
INFO: Run Behavior\WriteHtmlCacheBehavior [ RunTime:0.006905s ]
INFO: [ view_filter ] --END-- [ RunTime:0.007051s ]
INFO: [ app_end ] --START--
INFO: Run Behavior\ShowPageTraceBehavior [ RunTime:0.005955s ]
INFO: [ app_end ] --END-- [ RunTime:0.006108s ]

[ 2015-06-03T13:15:51+08:00 ] 127.0.0.1 /teacher_finalshop/www.35.com/index.php/Admin/Login/checkcode.html
INFO: [ app_init ] --START--
INFO: Run Behavior\BuildLiteBehavior [ RunTime:0.000041s ]
INFO: [ app_init ] --END-- [ RunTime:0.002805s ]
INFO: [ app_begin ] --START--
INFO: Run Behavior\ReadHtmlCacheBehavior [ RunTime:0.005287s ]
INFO: [ app_begin ] --END-- [ RunTime:0.005491s ]
INFO: [ app_end ] --START--
INFO: Run Behavior\ShowPageTraceBehavior [ RunTime:0.005321s ]
INFO: [ app_end ] --END-- [ RunTime:0.005538s ]

[ 2015-06-03T13:15:58+08:00 ] 127.0.0.1 /teacher_finalshop/www.35.com/index.php/admin/login/login
INFO: [ app_init ] --START--
INFO: Run Behavior\BuildLiteBehavior [ RunTime:0.000033s ]
INFO: [ app_init ] --END-- [ RunTime:0.001057s ]
INFO: [ app_begin ] --START--
INFO: Run Behavior\ReadHtmlCacheBehavior [ RunTime:0.001914s ]
INFO: [ app_begin ] --END-- [ RunTime:0.002127s ]
NOTIC: [2] mysql_connect() [<a href='function.mysql-connect'>function.mysql-connect</a>]: Access denied for user 'root'@'localhost' (using password: NO) C:\Users\Administrator\Desktop\boolean\teacher_finalshop\www.35.com\ThinkPHP\Library\Think\Db\Driver\Mysql.class.php 第 52 行.
ERR: Access denied for user 'root'@'localhost' (using password: NO)

